WARNING 2026-04-17 07:48:34,880 log 1 134519093203712 Unauthorized: /api/groups/
WARNING 2026-04-17 07:48:36,484 log 1 134519093203712 Unauthorized: /api/groups/27/
WARNING 2026-04-17 07:48:38,099 log 1 134519093203712 Not Found: /api/groups/99999/
WARNING 2026-04-17 07:48:39,615 log 1 134519093203712 Forbidden: /api/groups/33/
WARNING 2026-04-17 07:48:39,678 log 1 134519093203712 Unauthorized: /api/groups/34/
WARNING 2026-04-17 07:48:40,688 log 1 134519093203712 Forbidden: /api/groups/36/
WARNING 2026-04-17 07:48:40,797 log 1 134519093203712 Unauthorized: /api/groups/37/
WARNING 2026-04-17 07:48:46,226 log 1 134519093203712 Forbidden: /api/questionnaires/6ffaa1fe-b0fd-40a3-ae29-fbb497d07660/export/
WARNING 2026-04-17 07:48:49,650 log 1 134519093203712 Not Found: /api/questionnaires/response-sets/79c54abd-7b72-46b5-9ca1-5208c5da3a03/submit/
WARNING 2026-04-17 07:48:50,154 log 1 134519093203712 Forbidden: /api/activities/
WARNING 2026-04-17 07:48:50,653 log 1 134519093203712 Forbidden: /api/phases/
WARNING 2026-04-17 07:48:53,612 log 1 134519093203712 Bad Request: /api/register/
WARNING 2026-04-17 07:48:53,674 log 1 134519093203712 Bad Request: /api/register/
WARNING 2026-04-17 07:48:54,186 log 1 134519093203712 Bad Request: /api/register/
WARNING 2026-04-17 10:44:52,209 log 1 126440474022656 Forbidden: /api/questionnaires/68fe6a6b-435c-445c-bb9f-5e4d5aae7f2e/export/
WARNING 2026-04-17 10:44:56,861 log 1 126440474022656 Not Found: /api/questionnaires/response-sets/1da91315-ba5b-40b2-b78b-f17ed90768ef/submit/
WARNING 2026-04-17 10:44:57,456 log 1 126440474022656 Forbidden: /api/activities/
WARNING 2026-04-17 10:44:58,058 log 1 126440474022656 Forbidden: /api/phases/
WARNING 2026-04-17 10:45:01,545 log 1 126440474022656 Bad Request: /api/register/
WARNING 2026-04-17 10:45:01,623 log 1 126440474022656 Bad Request: /api/register/
WARNING 2026-04-17 10:45:02,201 log 1 126440474022656 Bad Request: /api/register/
WARNING 2026-04-17 10:51:09,205 log 1 133843880747776 Forbidden: /api/questionnaires/adeebb07-a277-42f2-9b91-0bce7f8a814f/export/
WARNING 2026-04-17 10:51:13,624 log 1 133843880747776 Not Found: /api/questionnaires/response-sets/45b6bd02-ab2d-4f07-bed5-908fe498abe0/submit/
WARNING 2026-04-17 10:51:14,287 log 1 133843880747776 Forbidden: /api/activities/
WARNING 2026-04-17 10:51:15,013 log 1 133843880747776 Forbidden: /api/phases/
WARNING 2026-04-17 10:51:19,934 log 1 133843880747776 Bad Request: /api/register/
WARNING 2026-04-17 10:51:20,047 log 1 133843880747776 Bad Request: /api/register/
WARNING 2026-04-17 10:51:20,999 log 1 133843880747776 Bad Request: /api/register/
WARNING 2026-04-17 10:53:40,205 log 1 130798964392704 Unauthorized: /api/groups/
WARNING 2026-04-17 10:53:42,654 log 1 130798964392704 Forbidden: /api/groups/admin/26/
WARNING 2026-04-17 10:53:42,751 log 1 130798964392704 Unauthorized: /api/groups/admin/27/
WARNING 2026-04-17 10:53:43,318 log 1 130798964392704 Forbidden: /api/groups/admin/28/
WARNING 2026-04-17 10:53:43,900 log 1 130798964392704 Forbidden: /api/groups/admin/29/
WARNING 2026-04-17 10:53:44,603 log 1 130798964392704 Forbidden: /api/groups/admin/99999/
WARNING 2026-04-17 10:53:47,978 log 1 130798964392704 Forbidden: /api/groups/admin/33/
WARNING 2026-04-17 10:53:48,071 log 1 130798964392704 Unauthorized: /api/groups/admin/34/
WARNING 2026-04-17 10:53:49,602 log 1 130798964392704 Forbidden: /api/groups/admin/36/
WARNING 2026-04-17 10:53:49,695 log 1 130798964392704 Unauthorized: /api/groups/admin/37/
WARNING 2026-04-17 10:53:56,462 log 1 130798964392704 Forbidden: /api/questionnaires/fddb4478-d24f-4825-a07a-03189038e35c/export/
WARNING 2026-04-17 10:54:00,739 log 1 130798964392704 Not Found: /api/questionnaires/response-sets/6fdd5497-a143-4fca-906c-3ba91ce26f99/submit/
WARNING 2026-04-17 10:54:01,361 log 1 130798964392704 Forbidden: /api/activities/
WARNING 2026-04-17 10:54:02,012 log 1 130798964392704 Forbidden: /api/phases/
WARNING 2026-04-17 10:54:06,647 log 1 130798964392704 Bad Request: /api/register/
WARNING 2026-04-17 10:54:07,041 log 1 130798964392704 Bad Request: /api/register/
WARNING 2026-04-17 10:54:08,062 log 1 130798964392704 Bad Request: /api/register/
WARNING 2026-04-17 10:54:36,375 log 1 130329438098176 Unauthorized: /api/groups/
WARNING 2026-04-17 10:54:38,618 log 1 130329438098176 Forbidden: /api/groups/admin/12/
WARNING 2026-04-17 10:54:38,746 log 1 130329438098176 Unauthorized: /api/groups/admin/13/
WARNING 2026-04-17 10:54:39,417 log 1 130329438098176 Forbidden: /api/groups/admin/14/
WARNING 2026-04-17 10:54:40,364 log 1 130329438098176 Forbidden: /api/groups/admin/15/
WARNING 2026-04-17 10:54:41,395 log 1 130329438098176 Forbidden: /api/groups/admin/99999/
WARNING 2026-04-17 10:54:43,814 log 1 130329438098176 Forbidden: /api/groups/admin/19/
WARNING 2026-04-17 10:54:43,901 log 1 130329438098176 Unauthorized: /api/groups/admin/20/
WARNING 2026-04-17 10:54:46,496 log 1 130329438098176 Forbidden: /api/groups/admin/22/
WARNING 2026-04-17 10:54:46,595 log 1 130329438098176 Unauthorized: /api/groups/admin/23/
WARNING 2026-04-17 10:55:27,631 log 1 140156214801152 Unauthorized: /api/groups/
WARNING 2026-04-17 10:55:30,468 log 1 140156214801152 Forbidden: /api/groups/admin/12/
WARNING 2026-04-17 10:55:30,962 log 1 140156214801152 Unauthorized: /api/groups/admin/13/
WARNING 2026-04-17 10:55:31,698 log 1 140156214801152 Forbidden: /api/groups/admin/14/
WARNING 2026-04-17 10:55:32,381 log 1 140156214801152 Forbidden: /api/groups/admin/15/
WARNING 2026-04-17 10:55:33,023 log 1 140156214801152 Forbidden: /api/groups/admin/99999/
WARNING 2026-04-17 10:55:34,879 log 1 140156214801152 Forbidden: /api/groups/admin/19/
WARNING 2026-04-17 10:55:34,958 log 1 140156214801152 Unauthorized: /api/groups/admin/20/
WARNING 2026-04-17 10:55:36,115 log 1 140156214801152 Forbidden: /api/groups/admin/22/
WARNING 2026-04-17 10:55:36,188 log 1 140156214801152 Unauthorized: /api/groups/admin/23/
WARNING 2026-04-17 10:56:24,827 log 1 129986742092544 Unauthorized: /api/groups/
WARNING 2026-04-17 10:56:26,736 log 1 129986742092544 Forbidden: /api/groups/admin/12/
WARNING 2026-04-17 10:56:26,823 log 1 129986742092544 Unauthorized: /api/groups/admin/13/
WARNING 2026-04-17 10:56:27,327 log 1 129986742092544 Forbidden: /api/groups/admin/14/
WARNING 2026-04-17 10:56:27,888 log 1 129986742092544 Forbidden: /api/groups/admin/15/
WARNING 2026-04-17 10:56:28,374 log 1 129986742092544 Forbidden: /api/groups/admin/99999/
WARNING 2026-04-17 10:56:29,909 log 1 129986742092544 Forbidden: /api/groups/admin/19/
WARNING 2026-04-17 10:56:29,976 log 1 129986742092544 Unauthorized: /api/groups/admin/20/
WARNING 2026-04-17 10:56:30,977 log 1 129986742092544 Forbidden: /api/groups/admin/22/
WARNING 2026-04-17 10:56:31,040 log 1 129986742092544 Unauthorized: /api/groups/admin/23/
WARNING 2026-04-17 10:57:20,714 log 1 126353057620736 Unauthorized: /api/groups/
WARNING 2026-04-17 10:57:23,453 log 1 126353057620736 Forbidden: /api/groups/admin/26/
WARNING 2026-04-17 10:57:23,586 log 1 126353057620736 Unauthorized: /api/groups/admin/27/
WARNING 2026-04-17 10:57:24,305 log 1 126353057620736 Forbidden: /api/groups/admin/28/
WARNING 2026-04-17 10:57:25,023 log 1 126353057620736 Forbidden: /api/groups/admin/29/
WARNING 2026-04-17 10:57:25,728 log 1 126353057620736 Forbidden: /api/groups/admin/99999/
WARNING 2026-04-17 10:57:27,906 log 1 126353057620736 Forbidden: /api/groups/admin/33/
WARNING 2026-04-17 10:57:27,991 log 1 126353057620736 Unauthorized: /api/groups/admin/34/
WARNING 2026-04-17 10:57:29,337 log 1 126353057620736 Forbidden: /api/groups/admin/36/
WARNING 2026-04-17 10:57:29,416 log 1 126353057620736 Unauthorized: /api/groups/admin/37/
WARNING 2026-04-17 10:57:36,965 log 1 126353057620736 Forbidden: /api/questionnaires/b5086f6c-adc3-4229-8061-2ec37776291c/export/
WARNING 2026-04-17 10:57:43,518 log 1 126353057620736 Not Found: /api/questionnaires/response-sets/1bc1ba8f-39ac-4315-8ed9-4b62006a836c/submit/
WARNING 2026-04-17 10:57:44,242 log 1 126353057620736 Forbidden: /api/activities/
WARNING 2026-04-17 10:57:45,035 log 1 126353057620736 Forbidden: /api/phases/
WARNING 2026-04-17 10:57:49,796 log 1 126353057620736 Bad Request: /api/register/
WARNING 2026-04-17 10:57:49,900 log 1 126353057620736 Bad Request: /api/register/
WARNING 2026-04-17 10:57:50,692 log 1 126353057620736 Bad Request: /api/register/
WARNING 2026-04-17 10:58:24,042 log 1 129043804402432 Unauthorized: /api/groups/
WARNING 2026-04-17 10:58:26,042 log 1 129043804402432 Forbidden: /api/groups/admin/12/
WARNING 2026-04-17 10:58:26,140 log 1 129043804402432 Unauthorized: /api/groups/admin/13/
WARNING 2026-04-17 10:58:26,685 log 1 129043804402432 Forbidden: /api/groups/admin/14/
WARNING 2026-04-17 10:58:27,281 log 1 129043804402432 Forbidden: /api/groups/admin/15/
WARNING 2026-04-17 10:58:27,898 log 1 129043804402432 Forbidden: /api/groups/admin/99999/
WARNING 2026-04-17 10:58:29,384 log 1 129043804402432 Forbidden: /api/groups/admin/19/
WARNING 2026-04-17 10:58:29,454 log 1 129043804402432 Unauthorized: /api/groups/admin/20/
WARNING 2026-04-17 10:58:30,670 log 1 129043804402432 Forbidden: /api/groups/admin/22/
WARNING 2026-04-17 10:58:30,735 log 1 129043804402432 Unauthorized: /api/groups/admin/23/
WARNING 2026-04-17 10:59:27,029 log 1 126282053534464 Unauthorized: /api/groups/
WARNING 2026-04-17 10:59:29,083 log 1 126282053534464 Forbidden: /api/groups/admin/26/
WARNING 2026-04-17 10:59:29,769 log 1 126282053534464 Unauthorized: /api/groups/admin/27/
WARNING 2026-04-17 10:59:30,523 log 1 126282053534464 Forbidden: /api/groups/admin/28/
WARNING 2026-04-17 10:59:31,192 log 1 126282053534464 Forbidden: /api/groups/admin/29/
WARNING 2026-04-17 10:59:31,884 log 1 126282053534464 Forbidden: /api/groups/admin/99999/
WARNING 2026-04-17 10:59:34,015 log 1 126282053534464 Forbidden: /api/groups/admin/33/
WARNING 2026-04-17 10:59:34,106 log 1 126282053534464 Unauthorized: /api/groups/admin/34/
WARNING 2026-04-17 10:59:35,506 log 1 126282053534464 Forbidden: /api/groups/admin/36/
WARNING 2026-04-17 10:59:35,588 log 1 126282053534464 Unauthorized: /api/groups/admin/37/
WARNING 2026-04-17 10:59:42,658 log 1 126282053534464 Forbidden: /api/questionnaires/eb2e53b3-ab29-40f8-a763-4b7176010544/export/
WARNING 2026-04-17 10:59:47,500 log 1 126282053534464 Not Found: /api/questionnaires/response-sets/bacf885d-d55b-4e9c-b5a1-992c3275fc73/submit/
WARNING 2026-04-17 10:59:48,322 log 1 126282053534464 Forbidden: /api/activities/
WARNING 2026-04-17 10:59:50,514 log 1 126282053534464 Forbidden: /api/phases/
WARNING 2026-04-17 10:59:55,203 log 1 126282053534464 Bad Request: /api/register/
WARNING 2026-04-17 10:59:55,317 log 1 126282053534464 Bad Request: /api/register/
WARNING 2026-04-17 10:59:56,066 log 1 126282053534464 Bad Request: /api/register/
WARNING 2026-04-17 11:00:31,790 log 1 125320229643008 Unauthorized: /api/groups/
WARNING 2026-04-17 11:00:33,495 log 1 125320229643008 Forbidden: /api/groups/admin/12/
WARNING 2026-04-17 11:00:33,901 log 1 125320229643008 Unauthorized: /api/groups/admin/13/
WARNING 2026-04-17 11:00:34,412 log 1 125320229643008 Forbidden: /api/groups/admin/14/
WARNING 2026-04-17 11:00:34,987 log 1 125320229643008 Forbidden: /api/groups/admin/15/
WARNING 2026-04-17 11:00:35,566 log 1 125320229643008 Forbidden: /api/groups/admin/99999/
WARNING 2026-04-17 11:00:37,114 log 1 125320229643008 Forbidden: /api/groups/admin/19/
WARNING 2026-04-17 11:00:37,178 log 1 125320229643008 Unauthorized: /api/groups/admin/20/
WARNING 2026-04-17 11:00:38,295 log 1 125320229643008 Forbidden: /api/groups/admin/22/
WARNING 2026-04-17 11:00:38,359 log 1 125320229643008 Unauthorized: /api/groups/admin/23/
WARNING 2026-04-17 11:02:00,202 log 1 130033785537280 Unauthorized: /api/groups/
WARNING 2026-04-17 11:02:02,076 log 1 130033785537280 Forbidden: /api/groups/26/
WARNING 2026-04-17 11:02:02,649 log 1 130033785537280 Unauthorized: /api/groups/27/
WARNING 2026-04-17 11:02:03,237 log 1 130033785537280 Forbidden: /api/groups/28/
WARNING 2026-04-17 11:02:03,868 log 1 130033785537280 Forbidden: /api/groups/29/
WARNING 2026-04-17 11:02:04,571 log 1 130033785537280 Forbidden: /api/groups/99999/
WARNING 2026-04-17 11:02:06,575 log 1 130033785537280 Forbidden: /api/groups/33/
WARNING 2026-04-17 11:02:06,664 log 1 130033785537280 Unauthorized: /api/groups/34/
WARNING 2026-04-17 11:02:08,008 log 1 130033785537280 Forbidden: /api/groups/36/
WARNING 2026-04-17 11:02:08,094 log 1 130033785537280 Unauthorized: /api/groups/37/
WARNING 2026-04-17 11:02:14,935 log 1 130033785537280 Forbidden: /api/questionnaires/433ce242-fb33-4f10-b06b-6a58bc2d04da/export/
WARNING 2026-04-17 11:02:21,267 log 1 130033785537280 Not Found: /api/questionnaires/response-sets/a826f8c2-3312-4a8b-8a0d-5400316319c9/submit/
WARNING 2026-04-17 11:02:21,948 log 1 130033785537280 Forbidden: /api/activities/
WARNING 2026-04-17 11:02:22,665 log 1 130033785537280 Forbidden: /api/phases/
WARNING 2026-04-17 11:02:26,706 log 1 130033785537280 Bad Request: /api/register/
WARNING 2026-04-17 11:02:26,795 log 1 130033785537280 Bad Request: /api/register/
WARNING 2026-04-17 11:02:27,428 log 1 130033785537280 Bad Request: /api/register/
WARNING 2026-04-17 11:03:03,155 log 1 132763207410432 Unauthorized: /api/groups/
WARNING 2026-04-17 11:03:05,360 log 1 132763207410432 Forbidden: /api/groups/12/
WARNING 2026-04-17 11:03:05,797 log 1 132763207410432 Unauthorized: /api/groups/13/
WARNING 2026-04-17 11:03:06,418 log 1 132763207410432 Forbidden: /api/groups/14/
WARNING 2026-04-17 11:03:07,107 log 1 132763207410432 Forbidden: /api/groups/15/
WARNING 2026-04-17 11:03:07,740 log 1 132763207410432 Forbidden: /api/groups/99999/
WARNING 2026-04-17 11:03:09,907 log 1 132763207410432 Forbidden: /api/groups/19/
WARNING 2026-04-17 11:03:10,005 log 1 132763207410432 Unauthorized: /api/groups/20/
WARNING 2026-04-17 11:03:13,307 log 1 132763207410432 Forbidden: /api/groups/22/
WARNING 2026-04-17 11:03:13,389 log 1 132763207410432 Unauthorized: /api/groups/23/
WARNING 2026-04-17 11:04:16,696 log 1 126137257091840 Unauthorized: /api/groups/
WARNING 2026-04-17 11:04:18,630 log 1 126137257091840 Unauthorized: /api/groups/27/
WARNING 2026-04-17 11:04:20,469 log 1 126137257091840 Not Found: /api/groups/99999/
WARNING 2026-04-17 11:04:22,441 log 1 126137257091840 Forbidden: /api/groups/33/
WARNING 2026-04-17 11:04:22,527 log 1 126137257091840 Unauthorized: /api/groups/34/
WARNING 2026-04-17 11:04:24,010 log 1 126137257091840 Forbidden: /api/groups/36/
WARNING 2026-04-17 11:04:24,092 log 1 126137257091840 Unauthorized: /api/groups/37/
WARNING 2026-04-17 11:04:32,332 log 1 126137257091840 Forbidden: /api/questionnaires/274d239a-df43-4774-b592-2349be89ff21/export/
WARNING 2026-04-17 11:04:36,333 log 1 126137257091840 Not Found: /api/questionnaires/response-sets/3c764003-f87b-46d9-890b-21148e68926f/submit/
WARNING 2026-04-17 11:04:37,039 log 1 126137257091840 Forbidden: /api/activities/
WARNING 2026-04-17 11:04:37,637 log 1 126137257091840 Forbidden: /api/phases/
WARNING 2026-04-17 11:04:41,460 log 1 126137257091840 Bad Request: /api/register/
WARNING 2026-04-17 11:04:41,561 log 1 126137257091840 Bad Request: /api/register/
WARNING 2026-04-17 11:04:42,326 log 1 126137257091840 Bad Request: /api/register/
